[1.643s] DEBUG:colcon:Command line arguments: ['/usr/bin/colcon', 'list', '-p', '--base-paths', '/home/robin/hka_projects/DIYrobotics/develop/DIY_ROS_Packages/diy_robot_wer24_moveit_config']
[1.643s] DEBUG:colcon:Parsed command line arguments: Namespace(log_base=None, log_level=None, verb_name='list', build_base='build', ignore_user_meta=False, metas=['./colcon.meta'], base_paths=['/home/robin/hka_projects/DIYrobotics/develop/DIY_ROS_Packages/diy_robot_wer24_moveit_config'], packages_ignore=None, packages_ignore_regex=None, paths=None, packages_up_to=None, packages_up_to_regex=None, packages_above=None, packages_above_and_dependencies=None, packages_above_depth=None, packages_select_by_dep=None, packages_skip_by_dep=None, packages_skip_up_to=None, packages_select_build_failed=False, packages_skip_build_finished=False, packages_select_test_failures=False, packages_skip_test_passed=False, packages_select=None, packages_skip=None, packages_select_regex=None, packages_skip_regex=None, packages_start=None, packages_end=None, allow_overriding=[], topological_order=False, names_only=False, paths_only=True, topological_graph=False, topological_graph_dot=False, topological_graph_density=False, topological_graph_legend=False, topological_graph_dot_cluster=False, topological_graph_dot_include_skipped=False, verb_parser=<colcon_defaults.argument_parser.defaults.DefaultArgumentsDecorator object at 0x7f40eff10bb0>, verb_extension=<colcon_package_information.verb.list.ListVerb object at 0x7f40f006cd30>, main=<bound method ListVerb.main of <colcon_package_information.verb.list.ListVerb object at 0x7f40f006cd30>>)
[1.711s] Level 1:colcon.colcon_core.package_discovery:discover_packages(colcon_meta) check parameters
[1.711s] Level 1:colcon.colcon_core.package_discovery:discover_packages(recursive) check parameters
[1.711s] Level 1:colcon.colcon_core.package_discovery:discover_packages(ignore) check parameters
[1.712s] Level 1:colcon.colcon_core.package_discovery:discover_packages(path) check parameters
[1.712s] Level 1:colcon.colcon_core.package_discovery:discover_packages(recursive) discover
[1.712s] INFO:colcon.colcon_core.package_discovery:Crawling recursively for packages in '/home/robin/hka_projects/DIYrobotics/develop/DIY_ROS_Packages/diy_robot_wer24_moveit_config'
[1.712s] Level 1:colcon.colcon_core.package_identification:_identify(/home/robin/hka_projects/DIYrobotics/develop/DIY_ROS_Packages/diy_robot_wer24_moveit_config) by extensions ['ignore', 'ignore_ament_install']
[1.712s] Level 1:colcon.colcon_core.package_identification:_identify(/home/robin/hka_projects/DIYrobotics/develop/DIY_ROS_Packages/diy_robot_wer24_moveit_config) by extension 'ignore'
[1.712s] Level 1:colcon.colcon_core.package_identification:_identify(/home/robin/hka_projects/DIYrobotics/develop/DIY_ROS_Packages/diy_robot_wer24_moveit_config) by extension 'ignore_ament_install'
[1.712s] Level 1:colcon.colcon_core.package_identification:_identify(/home/robin/hka_projects/DIYrobotics/develop/DIY_ROS_Packages/diy_robot_wer24_moveit_config) by extensions ['colcon_pkg']
[1.712s] Level 1:colcon.colcon_core.package_identification:_identify(/home/robin/hka_projects/DIYrobotics/develop/DIY_ROS_Packages/diy_robot_wer24_moveit_config) by extension 'colcon_pkg'
[1.712s] Level 1:colcon.colcon_core.package_identification:_identify(/home/robin/hka_projects/DIYrobotics/develop/DIY_ROS_Packages/diy_robot_wer24_moveit_config) by extensions ['colcon_meta']
[1.712s] Level 1:colcon.colcon_core.package_identification:_identify(/home/robin/hka_projects/DIYrobotics/develop/DIY_ROS_Packages/diy_robot_wer24_moveit_config) by extension 'colcon_meta'
[1.713s] Level 1:colcon.colcon_core.package_identification:_identify(/home/robin/hka_projects/DIYrobotics/develop/DIY_ROS_Packages/diy_robot_wer24_moveit_config) by extensions ['ros']
[1.713s] Level 1:colcon.colcon_core.package_identification:_identify(/home/robin/hka_projects/DIYrobotics/develop/DIY_ROS_Packages/diy_robot_wer24_moveit_config) by extension 'ros'
[1.727s] Level 1:colcon.colcon_core.package_identification:_identify(/home/robin/hka_projects/DIYrobotics/develop/DIY_ROS_Packages/diy_robot_wer24_moveit_config) by extensions ['cmake', 'python']
[1.727s] Level 1:colcon.colcon_core.package_identification:_identify(/home/robin/hka_projects/DIYrobotics/develop/DIY_ROS_Packages/diy_robot_wer24_moveit_config) by extension 'cmake'
[1.727s] Level 1:colcon.colcon_core.package_identification:_identify(/home/robin/hka_projects/DIYrobotics/develop/DIY_ROS_Packages/diy_robot_wer24_moveit_config) by extension 'python'
[1.728s] Level 1:colcon.colcon_core.package_identification:_identify(/home/robin/hka_projects/DIYrobotics/develop/DIY_ROS_Packages/diy_robot_wer24_moveit_config) by extensions ['python_setup_py']
[1.728s] Level 1:colcon.colcon_core.package_identification:_identify(/home/robin/hka_projects/DIYrobotics/develop/DIY_ROS_Packages/diy_robot_wer24_moveit_config) by extension 'python_setup_py'
[1.728s] Level 1:colcon.colcon_core.package_identification:_identify(/home/robin/hka_projects/DIYrobotics/develop/DIY_ROS_Packages/diy_robot_wer24_moveit_config/log) by extensions ['ignore', 'ignore_ament_install']
[1.728s] Level 1:colcon.colcon_core.package_identification:_identify(/home/robin/hka_projects/DIYrobotics/develop/DIY_ROS_Packages/diy_robot_wer24_moveit_config/log) by extension 'ignore'
[1.728s] Level 1:colcon.colcon_core.package_identification:_identify(/home/robin/hka_projects/DIYrobotics/develop/DIY_ROS_Packages/diy_robot_wer24_moveit_config/log) ignored
[1.728s] Level 1:colcon.colcon_core.package_identification:_identify(/home/robin/hka_projects/DIYrobotics/develop/DIY_ROS_Packages/diy_robot_wer24_moveit_config/src) by extensions ['ignore', 'ignore_ament_install']
[1.728s] Level 1:colcon.colcon_core.package_identification:_identify(/home/robin/hka_projects/DIYrobotics/develop/DIY_ROS_Packages/diy_robot_wer24_moveit_config/src) by extension 'ignore'
[1.728s] Level 1:colcon.colcon_core.package_identification:_identify(/home/robin/hka_projects/DIYrobotics/develop/DIY_ROS_Packages/diy_robot_wer24_moveit_config/src) by extension 'ignore_ament_install'
[1.729s] Level 1:colcon.colcon_core.package_identification:_identify(/home/robin/hka_projects/DIYrobotics/develop/DIY_ROS_Packages/diy_robot_wer24_moveit_config/src) by extensions ['colcon_pkg']
[1.729s] Level 1:colcon.colcon_core.package_identification:_identify(/home/robin/hka_projects/DIYrobotics/develop/DIY_ROS_Packages/diy_robot_wer24_moveit_config/src) by extension 'colcon_pkg'
[1.729s] Level 1:colcon.colcon_core.package_identification:_identify(/home/robin/hka_projects/DIYrobotics/develop/DIY_ROS_Packages/diy_robot_wer24_moveit_config/src) by extensions ['colcon_meta']
[1.729s] Level 1:colcon.colcon_core.package_identification:_identify(/home/robin/hka_projects/DIYrobotics/develop/DIY_ROS_Packages/diy_robot_wer24_moveit_config/src) by extension 'colcon_meta'
[1.729s] Level 1:colcon.colcon_core.package_identification:_identify(/home/robin/hka_projects/DIYrobotics/develop/DIY_ROS_Packages/diy_robot_wer24_moveit_config/src) by extensions ['ros']
[1.729s] Level 1:colcon.colcon_core.package_identification:_identify(/home/robin/hka_projects/DIYrobotics/develop/DIY_ROS_Packages/diy_robot_wer24_moveit_config/src) by extension 'ros'
[1.729s] Level 1:colcon.colcon_core.package_identification:_identify(/home/robin/hka_projects/DIYrobotics/develop/DIY_ROS_Packages/diy_robot_wer24_moveit_config/src) by extensions ['cmake', 'python']
[1.729s] Level 1:colcon.colcon_core.package_identification:_identify(/home/robin/hka_projects/DIYrobotics/develop/DIY_ROS_Packages/diy_robot_wer24_moveit_config/src) by extension 'cmake'
[1.729s] Level 1:colcon.colcon_core.package_identification:_identify(/home/robin/hka_projects/DIYrobotics/develop/DIY_ROS_Packages/diy_robot_wer24_moveit_config/src) by extension 'python'
[1.729s] Level 1:colcon.colcon_core.package_identification:_identify(/home/robin/hka_projects/DIYrobotics/develop/DIY_ROS_Packages/diy_robot_wer24_moveit_config/src) by extensions ['python_setup_py']
[1.729s] Level 1:colcon.colcon_core.package_identification:_identify(/home/robin/hka_projects/DIYrobotics/develop/DIY_ROS_Packages/diy_robot_wer24_moveit_config/src) by extension 'python_setup_py'
[1.730s] Level 1:colcon.colcon_core.package_identification:_identify(/home/robin/hka_projects/DIYrobotics/develop/DIY_ROS_Packages/diy_robot_wer24_moveit_config/src/diy_robotarm_wer24_driver) by extensions ['ignore', 'ignore_ament_install']
[1.730s] Level 1:colcon.colcon_core.package_identification:_identify(/home/robin/hka_projects/DIYrobotics/develop/DIY_ROS_Packages/diy_robot_wer24_moveit_config/src/diy_robotarm_wer24_driver) by extension 'ignore'
[1.730s] Level 1:colcon.colcon_core.package_identification:_identify(/home/robin/hka_projects/DIYrobotics/develop/DIY_ROS_Packages/diy_robot_wer24_moveit_config/src/diy_robotarm_wer24_driver) by extension 'ignore_ament_install'
[1.730s] Level 1:colcon.colcon_core.package_identification:_identify(/home/robin/hka_projects/DIYrobotics/develop/DIY_ROS_Packages/diy_robot_wer24_moveit_config/src/diy_robotarm_wer24_driver) by extensions ['colcon_pkg']
[1.730s] Level 1:colcon.colcon_core.package_identification:_identify(/home/robin/hka_projects/DIYrobotics/develop/DIY_ROS_Packages/diy_robot_wer24_moveit_config/src/diy_robotarm_wer24_driver) by extension 'colcon_pkg'
[1.730s] Level 1:colcon.colcon_core.package_identification:_identify(/home/robin/hka_projects/DIYrobotics/develop/DIY_ROS_Packages/diy_robot_wer24_moveit_config/src/diy_robotarm_wer24_driver) by extensions ['colcon_meta']
[1.730s] Level 1:colcon.colcon_core.package_identification:_identify(/home/robin/hka_projects/DIYrobotics/develop/DIY_ROS_Packages/diy_robot_wer24_moveit_config/src/diy_robotarm_wer24_driver) by extension 'colcon_meta'
[1.730s] Level 1:colcon.colcon_core.package_identification:_identify(/home/robin/hka_projects/DIYrobotics/develop/DIY_ROS_Packages/diy_robot_wer24_moveit_config/src/diy_robotarm_wer24_driver) by extensions ['ros']
[1.730s] Level 1:colcon.colcon_core.package_identification:_identify(/home/robin/hka_projects/DIYrobotics/develop/DIY_ROS_Packages/diy_robot_wer24_moveit_config/src/diy_robotarm_wer24_driver) by extension 'ros'
[1.735s] DEBUG:colcon.colcon_core.package_identification:Package '/home/robin/hka_projects/DIYrobotics/develop/DIY_ROS_Packages/diy_robot_wer24_moveit_config/src/diy_robotarm_wer24_driver' with type 'ros.ament_cmake' and name 'diy_robotarm_wer24_driver'
[1.735s] Level 1:colcon.colcon_core.package_identification:_identify(/home/robin/hka_projects/DIYrobotics/develop/DIY_ROS_Packages/diy_robot_wer24_moveit_config/src/moveit_wrapper) by extensions ['ignore', 'ignore_ament_install']
[1.735s] Level 1:colcon.colcon_core.package_identification:_identify(/home/robin/hka_projects/DIYrobotics/develop/DIY_ROS_Packages/diy_robot_wer24_moveit_config/src/moveit_wrapper) by extension 'ignore'
[1.735s] Level 1:colcon.colcon_core.package_identification:_identify(/home/robin/hka_projects/DIYrobotics/develop/DIY_ROS_Packages/diy_robot_wer24_moveit_config/src/moveit_wrapper) by extension 'ignore_ament_install'
[1.735s] Level 1:colcon.colcon_core.package_identification:_identify(/home/robin/hka_projects/DIYrobotics/develop/DIY_ROS_Packages/diy_robot_wer24_moveit_config/src/moveit_wrapper) by extensions ['colcon_pkg']
[1.735s] Level 1:colcon.colcon_core.package_identification:_identify(/home/robin/hka_projects/DIYrobotics/develop/DIY_ROS_Packages/diy_robot_wer24_moveit_config/src/moveit_wrapper) by extension 'colcon_pkg'
[1.736s] Level 1:colcon.colcon_core.package_identification:_identify(/home/robin/hka_projects/DIYrobotics/develop/DIY_ROS_Packages/diy_robot_wer24_moveit_config/src/moveit_wrapper) by extensions ['colcon_meta']
[1.736s] Level 1:colcon.colcon_core.package_identification:_identify(/home/robin/hka_projects/DIYrobotics/develop/DIY_ROS_Packages/diy_robot_wer24_moveit_config/src/moveit_wrapper) by extension 'colcon_meta'
[1.736s] Level 1:colcon.colcon_core.package_identification:_identify(/home/robin/hka_projects/DIYrobotics/develop/DIY_ROS_Packages/diy_robot_wer24_moveit_config/src/moveit_wrapper) by extensions ['ros']
[1.736s] Level 1:colcon.colcon_core.package_identification:_identify(/home/robin/hka_projects/DIYrobotics/develop/DIY_ROS_Packages/diy_robot_wer24_moveit_config/src/moveit_wrapper) by extension 'ros'
[1.737s] DEBUG:colcon.colcon_core.package_identification:Package '/home/robin/hka_projects/DIYrobotics/develop/DIY_ROS_Packages/diy_robot_wer24_moveit_config/src/moveit_wrapper' with type 'ros.ament_cmake' and name 'moveit_wrapper'
[1.737s] Level 1:colcon.colcon_core.package_identification:_identify(/home/robin/hka_projects/DIYrobotics/develop/DIY_ROS_Packages/diy_robot_wer24_moveit_config/src/ros_environment) by extensions ['ignore', 'ignore_ament_install']
[1.737s] Level 1:colcon.colcon_core.package_identification:_identify(/home/robin/hka_projects/DIYrobotics/develop/DIY_ROS_Packages/diy_robot_wer24_moveit_config/src/ros_environment) by extension 'ignore'
[1.737s] Level 1:colcon.colcon_core.package_identification:_identify(/home/robin/hka_projects/DIYrobotics/develop/DIY_ROS_Packages/diy_robot_wer24_moveit_config/src/ros_environment) by extension 'ignore_ament_install'
[1.738s] Level 1:colcon.colcon_core.package_identification:_identify(/home/robin/hka_projects/DIYrobotics/develop/DIY_ROS_Packages/diy_robot_wer24_moveit_config/src/ros_environment) by extensions ['colcon_pkg']
[1.738s] Level 1:colcon.colcon_core.package_identification:_identify(/home/robin/hka_projects/DIYrobotics/develop/DIY_ROS_Packages/diy_robot_wer24_moveit_config/src/ros_environment) by extension 'colcon_pkg'
[1.738s] Level 1:colcon.colcon_core.package_identification:_identify(/home/robin/hka_projects/DIYrobotics/develop/DIY_ROS_Packages/diy_robot_wer24_moveit_config/src/ros_environment) by extensions ['colcon_meta']
[1.738s] Level 1:colcon.colcon_core.package_identification:_identify(/home/robin/hka_projects/DIYrobotics/develop/DIY_ROS_Packages/diy_robot_wer24_moveit_config/src/ros_environment) by extension 'colcon_meta'
[1.738s] Level 1:colcon.colcon_core.package_identification:_identify(/home/robin/hka_projects/DIYrobotics/develop/DIY_ROS_Packages/diy_robot_wer24_moveit_config/src/ros_environment) by extensions ['ros']
[1.738s] Level 1:colcon.colcon_core.package_identification:_identify(/home/robin/hka_projects/DIYrobotics/develop/DIY_ROS_Packages/diy_robot_wer24_moveit_config/src/ros_environment) by extension 'ros'
[1.738s] DEBUG:colcon.colcon_core.package_identification:Package '/home/robin/hka_projects/DIYrobotics/develop/DIY_ROS_Packages/diy_robot_wer24_moveit_config/src/ros_environment' with type 'ros.ament_python' and name 'ros_environment'
[1.738s] Level 1:colcon.colcon_core.package_discovery:discover_packages(recursive) using defaults
